<?xml version="1.0" encoding="UTF-8"?>
<testng-results ignored="0" total="1" passed="1" failed="0" skipped="0">
  <reporter-output>
  </reporter-output>
  <suite started-at="2024-01-14T18:24:58 IST" name="Default suite" finished-at="2024-01-14T18:25:35 IST" duration-ms="37653">
    <groups>
    </groups>
    <test started-at="2024-01-14T18:24:58 IST" name="Default test" finished-at="2024-01-14T18:25:35 IST" duration-ms="37653">
      <class name="Automate_Flipkart.App">
        <test-method is-config="true" signature="setupBraveWebDriver()[pri:0, instance:Automate_Flipkart.App@194bcebf]" started-at="2024-01-14T18:24:58 IST" name="setupBraveWebDriver" finished-at="2024-01-14T18:25:01 IST" duration-ms="3483" status="PASS">
          <reporter-output>
          </reporter-output>
        </test-method> <!-- setupBraveWebDriver -->
        <test-method signature="testFlipkart()[pri:0, instance:Automate_Flipkart.App@194bcebf]" started-at="2024-01-14T18:25:01 IST" name="testFlipkart" finished-at="2024-01-14T18:25:35 IST" duration-ms="33754" status="PASS">
          <reporter-output>
          </reporter-output>
        </test-method> <!-- testFlipkart -->
        <test-method is-config="true" signature="tearDown()[pri:0, instance:Automate_Flipkart.App@194bcebf]" started-at="2024-01-14T18:25:35 IST" name="tearDown" finished-at="2024-01-14T18:25:35 IST" duration-ms="382" status="PASS">
          <reporter-output>
          </reporter-output>
        </test-method> <!-- tearDown -->
      </class> <!-- Automate_Flipkart.App -->
    </test> <!-- Default test -->
  </suite> <!-- Default suite -->
</testng-results>
